  [1m[35m (0.9ms)[0m  [1m[34mSELECT sqlite_version(*)[0m
  [1m[35m (6.9ms)[0m  [1m[35mCREATE TABLE "schema_migrations" ("version" varchar NOT NULL PRIMARY KEY)[0m
  [1m[35m (2.0ms)[0m  [1m[35mCREATE TABLE "ar_internal_metadata" ("key" varchar NOT NULL PRIMARY KEY, "value" varchar, "created_at" datetime(6) NOT NULL, "updated_at" datetime(6) NOT NULL)[0m
  [1m[35m (0.2ms)[0m  [1m[34mSELECT "schema_migrations"."version" FROM "schema_migrations" ORDER BY "schema_migrations"."version" ASC[0m
  [1m[35m (0.3ms)[0m  [1m[34mSELECT sqlite_version(*)[0m
  [1m[35m (0.1ms)[0m  [1m[34mSELECT "schema_migrations"."version" FROM "schema_migrations" ORDER BY "schema_migrations"."version" ASC[0m
Migrating to CreateAnswers (20230517200115)
  [1m[36mTRANSACTION (0.1ms)[0m  [1m[36mbegin transaction[0m
  [1m[35m (0.3ms)[0m  [1m[35mCREATE TABLE "answers" ("id" integer PRIMARY KEY AUTOINCREMENT NOT NULL, "body" text NOT NULL, "correct" boolean DEFAULT 0 NOT NULL, "question_id" integer NOT NULL, "created_at" datetime(6) NOT NULL, "updated_at" datetime(6) NOT NULL, CONSTRAINT "fk_rails_3d5ed4418f"
FOREIGN KEY ("question_id")
  REFERENCES "questions" ("id")
)[0m
  [1m[35m (0.1ms)[0m  [1m[35mCREATE INDEX "index_answers_on_question_id" ON "answers" ("question_id")[0m
  [1m[36mActiveRecord::SchemaMigration Create (0.1ms)[0m  [1m[32mINSERT INTO "schema_migrations" ("version") VALUES (?)[0m  [["version", "20230517200115"]]
  [1m[36mTRANSACTION (8.6ms)[0m  [1m[36mcommit transaction[0m
Migrating to CreateCategories (20230517200228)
  [1m[36mTRANSACTION (0.1ms)[0m  [1m[36mbegin transaction[0m
  [1m[35m (0.3ms)[0m  [1m[35mCREATE TABLE "categories" ("id" integer PRIMARY KEY AUTOINCREMENT NOT NULL, "title" varchar NOT NULL, "created_at" datetime(6) NOT NULL, "updated_at" datetime(6) NOT NULL)[0m
  [1m[36mActiveRecord::SchemaMigration Create (0.1ms)[0m  [1m[32mINSERT INTO "schema_migrations" ("version") VALUES (?)[0m  [["version", "20230517200228"]]
  [1m[36mTRANSACTION (2.4ms)[0m  [1m[36mcommit transaction[0m
Migrating to CreateUsers (20230517200301)
  [1m[36mTRANSACTION (0.1ms)[0m  [1m[36mbegin transaction[0m
  [1m[35m (0.3ms)[0m  [1m[35mCREATE TABLE "users" ("id" integer PRIMARY KEY AUTOINCREMENT NOT NULL, "name" varchar NOT NULL, "created_at" datetime(6) NOT NULL, "updated_at" datetime(6) NOT NULL)[0m
  [1m[36mActiveRecord::SchemaMigration Create (0.8ms)[0m  [1m[32mINSERT INTO "schema_migrations" ("version") VALUES (?)[0m  [["version", "20230517200301"]]
  [1m[36mTRANSACTION (2.6ms)[0m  [1m[36mcommit transaction[0m
Migrating to CreateQuestions (20230517200954)
  [1m[36mTRANSACTION (0.1ms)[0m  [1m[36mbegin transaction[0m
  [1m[35m (0.3ms)[0m  [1m[35mCREATE TABLE "questions" ("id" integer PRIMARY KEY AUTOINCREMENT NOT NULL, "body" text NOT NULL, "test_id" integer NOT NULL, "created_at" datetime(6) NOT NULL, "updated_at" datetime(6) NOT NULL, CONSTRAINT "fk_rails_cb4b358d50"
FOREIGN KEY ("test_id")
  REFERENCES "tests" ("id")
)[0m
  [1m[35m (0.1ms)[0m  [1m[35mCREATE INDEX "index_questions_on_test_id" ON "questions" ("test_id")[0m
  [1m[36mActiveRecord::SchemaMigration Create (0.1ms)[0m  [1m[32mINSERT INTO "schema_migrations" ("version") VALUES (?)[0m  [["version", "20230517200954"]]
  [1m[36mTRANSACTION (7.1ms)[0m  [1m[36mcommit transaction[0m
Migrating to CreateTests (20230517200958)
  [1m[36mTRANSACTION (0.1ms)[0m  [1m[36mbegin transaction[0m
  [1m[35m (0.3ms)[0m  [1m[35mCREATE TABLE "tests" ("id" integer PRIMARY KEY AUTOINCREMENT NOT NULL, "title" varchar NOT NULL, "level" integer DEFAULT 0 NOT NULL, "category_id" integer NOT NULL, "created_at" datetime(6) NOT NULL, "updated_at" datetime(6) NOT NULL, CONSTRAINT "fk_rails_cda342dc0a"
FOREIGN KEY ("category_id")
  REFERENCES "categories" ("id")
)[0m
  [1m[35m (0.1ms)[0m  [1m[35mCREATE INDEX "index_tests_on_category_id" ON "tests" ("category_id")[0m
  [1m[36mActiveRecord::SchemaMigration Create (0.1ms)[0m  [1m[32mINSERT INTO "schema_migrations" ("version") VALUES (?)[0m  [["version", "20230517200958"]]
  [1m[36mTRANSACTION (2.7ms)[0m  [1m[36mcommit transaction[0m
  [1m[36mActiveRecord::InternalMetadata Load (0.2ms)[0m  [1m[34mSELECT "ar_internal_metadata".* FROM "ar_internal_metadata" WHERE "ar_internal_metadata"."key" = ? LIMIT ?[0m  [["key", "environment"], ["LIMIT", 1]]
  [1m[36mTRANSACTION (0.1ms)[0m  [1m[36mbegin transaction[0m
  [1m[36mActiveRecord::InternalMetadata Create (1.1ms)[0m  [1m[32mINSERT INTO "ar_internal_metadata" ("key", "value", "created_at", "updated_at") VALUES (?, ?, ?, ?)[0m  [["key", "environment"], ["value", "development"], ["created_at", "2023-05-24 18:55:22.012202"], ["updated_at", "2023-05-24 18:55:22.012202"]]
  [1m[36mTRANSACTION (2.5ms)[0m  [1m[36mcommit transaction[0m
  [1m[35m (0.1ms)[0m  [1m[34mSELECT sqlite_version(*)[0m
  [1m[35m (0.1ms)[0m  [1m[34mSELECT "schema_migrations"."version" FROM "schema_migrations" ORDER BY "schema_migrations"."version" ASC[0m
  [1m[35m (0.3ms)[0m  [1m[34mSELECT sqlite_version(*)[0m
  [1m[35m (0.1ms)[0m  [1m[34mSELECT "schema_migrations"."version" FROM "schema_migrations" ORDER BY "schema_migrations"."version" ASC[0m
  [1m[35m (0.0ms)[0m  [1m[34mSELECT sqlite_version(*)[0m
  [1m[36mTRANSACTION (0.0ms)[0m  [1m[36mbegin transaction[0m
  [1m[36mCategory Create (0.3ms)[0m  [1m[32mINSERT INTO "categories" ("title", "created_at", "updated_at") VALUES (?, ?, ?)[0m  [["title", "Music"], ["created_at", "2023-05-24 18:55:26.909956"], ["updated_at", "2023-05-24 18:55:26.909956"]]
  [1m[36mTRANSACTION (2.0ms)[0m  [1m[36mcommit transaction[0m
  [1m[36mTRANSACTION (0.0ms)[0m  [1m[36mbegin transaction[0m
  [1m[36mCategory Create (0.2ms)[0m  [1m[32mINSERT INTO "categories" ("title", "created_at", "updated_at") VALUES (?, ?, ?)[0m  [["title", "Film"], ["created_at", "2023-05-24 18:55:26.915516"], ["updated_at", "2023-05-24 18:55:26.915516"]]
  [1m[36mTRANSACTION (1.5ms)[0m  [1m[36mcommit transaction[0m
  [1m[36mTRANSACTION (0.0ms)[0m  [1m[36mbegin transaction[0m
  [1m[36mCategory Create (0.2ms)[0m  [1m[32mINSERT INTO "categories" ("title", "created_at", "updated_at") VALUES (?, ?, ?)[0m  [["title", "Series"], ["created_at", "2023-05-24 18:55:26.920305"], ["updated_at", "2023-05-24 18:55:26.920305"]]
  [1m[36mTRANSACTION (1.7ms)[0m  [1m[36mcommit transaction[0m
  [1m[36mTRANSACTION (0.0ms)[0m  [1m[36mbegin transaction[0m
  [1m[36mUser Create (0.2ms)[0m  [1m[32mINSERT INTO "users" ("name", "created_at", "updated_at") VALUES (?, ?, ?)[0m  [["name", "Gleb"], ["created_at", "2023-05-24 18:55:26.929933"], ["updated_at", "2023-05-24 18:55:26.929933"]]
  [1m[36mTRANSACTION (1.7ms)[0m  [1m[36mcommit transaction[0m
  [1m[36mTRANSACTION (0.0ms)[0m  [1m[36mbegin transaction[0m
  [1m[36mUser Create (0.2ms)[0m  [1m[32mINSERT INTO "users" ("name", "created_at", "updated_at") VALUES (?, ?, ?)[0m  [["name", "Andrey"], ["created_at", "2023-05-24 18:55:26.935187"], ["updated_at", "2023-05-24 18:55:26.935187"]]
  [1m[36mTRANSACTION (1.7ms)[0m  [1m[36mcommit transaction[0m
  [1m[36mTRANSACTION (0.0ms)[0m  [1m[36mbegin transaction[0m
  [1m[36mUser Create (0.3ms)[0m  [1m[32mINSERT INTO "users" ("name", "created_at", "updated_at") VALUES (?, ?, ?)[0m  [["name", "Masha"], ["created_at", "2023-05-24 18:55:26.940253"], ["updated_at", "2023-05-24 18:55:26.940253"]]
  [1m[36mTRANSACTION (1.7ms)[0m  [1m[36mcommit transaction[0m
  [1m[36mTRANSACTION (0.0ms)[0m  [1m[36mbegin transaction[0m
  [1m[36mTest Create (0.3ms)[0m  [1m[32mINSERT INTO "tests" ("title", "level", "category_id", "created_at", "updated_at") VALUES (?, ?, ?, ?, ?)[0m  [["title", "Rock"], ["level", 1], ["category_id", 1], ["created_at", "2023-05-24 18:55:26.950547"], ["updated_at", "2023-05-24 18:55:26.950547"]]
  [1m[36mTRANSACTION (7.6ms)[0m  [1m[36mcommit transaction[0m
  [1m[36mTRANSACTION (0.0ms)[0m  [1m[36mbegin transaction[0m
  [1m[36mTest Create (0.3ms)[0m  [1m[32mINSERT INTO "tests" ("title", "level", "category_id", "created_at", "updated_at") VALUES (?, ?, ?, ?, ?)[0m  [["title", "Old films"], ["level", 2], ["category_id", 2], ["created_at", "2023-05-24 18:55:26.961604"], ["updated_at", "2023-05-24 18:55:26.961604"]]
  [1m[36mTRANSACTION (3.8ms)[0m  [1m[36mcommit transaction[0m
  [1m[36mTRANSACTION (0.0ms)[0m  [1m[36mbegin transaction[0m
  [1m[36mTest Create (0.2ms)[0m  [1m[32mINSERT INTO "tests" ("title", "level", "category_id", "created_at", "updated_at") VALUES (?, ?, ?, ?, ?)[0m  [["title", "Long series"], ["level", 3], ["category_id", 3], ["created_at", "2023-05-24 18:55:26.968455"], ["updated_at", "2023-05-24 18:55:26.968455"]]
  [1m[36mTRANSACTION (1.6ms)[0m  [1m[36mcommit transaction[0m
  [1m[36mTRANSACTION (0.0ms)[0m  [1m[36mbegin transaction[0m
  [1m[36mQuestion Create (0.3ms)[0m  [1m[32mINSERT INTO "questions" ("body", "test_id", "created_at", "updated_at") VALUES (?, ?, ?, ?)[0m  [["body", "When did rock music appear in Russia?"], ["test_id", 1], ["created_at", "2023-05-24 18:55:26.978922"], ["updated_at", "2023-05-24 18:55:26.978922"]]
  [1m[36mTRANSACTION (6.0ms)[0m  [1m[36mcommit transaction[0m
  [1m[36mTRANSACTION (0.0ms)[0m  [1m[36mbegin transaction[0m
  [1m[36mQuestion Create (0.3ms)[0m  [1m[32mINSERT INTO "questions" ("body", "test_id", "created_at", "updated_at") VALUES (?, ?, ?, ?)[0m  [["body", "When was the first movie made?"], ["test_id", 2], ["created_at", "2023-05-24 18:55:26.990122"], ["updated_at", "2023-05-24 18:55:26.990122"]]
  [1m[36mTRANSACTION (1.5ms)[0m  [1m[36mcommit transaction[0m
  [1m[36mTRANSACTION (0.0ms)[0m  [1m[36mbegin transaction[0m
  [1m[36mQuestion Create (0.2ms)[0m  [1m[32mINSERT INTO "questions" ("body", "test_id", "created_at", "updated_at") VALUES (?, ?, ?, ?)[0m  [["body", "How many episodes are there in the longest TV series in the world?"], ["test_id", 3], ["created_at", "2023-05-24 18:55:26.994928"], ["updated_at", "2023-05-24 18:55:26.994928"]]
  [1m[36mTRANSACTION (1.5ms)[0m  [1m[36mcommit transaction[0m
  [1m[36mTRANSACTION (0.1ms)[0m  [1m[36mbegin transaction[0m
  [1m[36mAnswer Create (0.3ms)[0m  [1m[32mINSERT INTO "answers" ("body", "correct", "question_id", "created_at", "updated_at") VALUES (?, ?, ?, ?, ?)[0m  [["body", "1960"], ["correct", 1], ["question_id", 1], ["created_at", "2023-05-24 18:55:27.008907"], ["updated_at", "2023-05-24 18:55:27.008907"]]
  [1m[36mTRANSACTION (1.8ms)[0m  [1m[36mcommit transaction[0m
  [1m[36mTRANSACTION (0.0ms)[0m  [1m[36mbegin transaction[0m
  [1m[36mAnswer Create (0.3ms)[0m  [1m[32mINSERT INTO "answers" ("body", "question_id", "created_at", "updated_at") VALUES (?, ?, ?, ?)[0m  [["body", "1993"], ["question_id", 1], ["created_at", "2023-05-24 18:55:27.034332"], ["updated_at", "2023-05-24 18:55:27.034332"]]
  [1m[36mTRANSACTION (1.7ms)[0m  [1m[36mcommit transaction[0m
  [1m[36mTRANSACTION (0.0ms)[0m  [1m[36mbegin transaction[0m
  [1m[36mAnswer Create (0.3ms)[0m  [1m[32mINSERT INTO "answers" ("body", "correct", "question_id", "created_at", "updated_at") VALUES (?, ?, ?, ?, ?)[0m  [["body", "1895"], ["correct", 1], ["question_id", 2], ["created_at", "2023-05-24 18:55:27.065530"], ["updated_at", "2023-05-24 18:55:27.065530"]]
  [1m[36mTRANSACTION (1.6ms)[0m  [1m[36mcommit transaction[0m
  [1m[36mTRANSACTION (0.0ms)[0m  [1m[36mbegin transaction[0m
  [1m[36mAnswer Create (0.3ms)[0m  [1m[32mINSERT INTO "answers" ("body", "question_id", "created_at", "updated_at") VALUES (?, ?, ?, ?)[0m  [["body", "1900"], ["question_id", 2], ["created_at", "2023-05-24 18:55:27.071093"], ["updated_at", "2023-05-24 18:55:27.071093"]]
  [1m[36mTRANSACTION (1.6ms)[0m  [1m[36mcommit transaction[0m
  [1m[36mTRANSACTION (0.0ms)[0m  [1m[36mbegin transaction[0m
  [1m[36mAnswer Create (0.3ms)[0m  [1m[32mINSERT INTO "answers" ("body", "correct", "question_id", "created_at", "updated_at") VALUES (?, ?, ?, ?, ?)[0m  [["body", "18262"], ["correct", 1], ["question_id", 3], ["created_at", "2023-05-24 18:55:27.076643"], ["updated_at", "2023-05-24 18:55:27.076643"]]
  [1m[36mTRANSACTION (2.1ms)[0m  [1m[36mcommit transaction[0m
  [1m[36mTRANSACTION (0.0ms)[0m  [1m[36mbegin transaction[0m
  [1m[36mAnswer Create (0.3ms)[0m  [1m[32mINSERT INTO "answers" ("body", "question_id", "created_at", "updated_at") VALUES (?, ?, ?, ?)[0m  [["body", "18362"], ["question_id", 3], ["created_at", "2023-05-24 18:55:27.082895"], ["updated_at", "2023-05-24 18:55:27.082895"]]
  [1m[36mTRANSACTION (1.6ms)[0m  [1m[36mcommit transaction[0m
